[2026-03-09 02:00:01] Starting cron job: /home/admin/.openclaw/workspace/scripts/memory_maintenance.sh
[2026-03-09 02:00:01] Current directory: /home/admin/.openclaw/workspace
[2026-03-09 02:00:01] Python path: /usr/bin/python3
[2026-03-09 02:00:01] Python version: Python 3.6.8
[2026-03-09 02:00:01] Environment variables set
[Mon Mar  9 02:00:01 AM CST 2026] Starting memory maintenance...
Updated memory index with 22 files
[master a5d1fa1] Memory maintenance - 2026-03-09
 13 files changed, 251 insertions(+), 46 deletions(-)
 create mode 100644 logs/ai_agent_daily_20260308.log
 create mode 100644 logs/cron_20260309.log
 create mode 100644 logs/shenzhen_intern_20260308.log
 create mode 100644 memory/2026-03-08.md
 create mode 100644 messages/to_send/20260308_090002.json
 create mode 100644 references/skills/ai-toy-weekly.md
 create mode 100644 references/skills/searxng-guidelines.md
error: src refspec main does not match any
error: failed to push some refs to 'https://github.com/GabrielOWO799/personal-assistant.git'
[Mon Mar  9 02:00:01 AM CST 2026] Memory maintenance completed!
[2026-03-09 02:00:01] Script completed with exit code: 0
[2026-03-09 02:00:02] Pending messages count: 10
[2026-03-09 02:00:02] WARNING: Found 10 pending messages that may need processing
[2026-03-09 02:00:02] SUCCESS: Cron job completed successfully
