[2026-03-11 02:00:01] Starting cron job: /home/admin/.openclaw/workspace/scripts/memory_maintenance.sh
[2026-03-11 02:00:01] Current directory: /home/admin/.openclaw/workspace
[2026-03-11 02:00:01] Python path: /usr/bin/python3
[2026-03-11 02:00:01] Python version: Python 3.6.8
[2026-03-11 02:00:01] Environment variables set
[Wed Mar 11 02:00:01 AM CST 2026] Starting memory maintenance...
Updated memory index with 9 files
[master 4ebc39b] Memory maintenance - 2026-03-11
 56 files changed, 2742 insertions(+), 20 deletions(-)
 create mode 100644 ai_agent_monitor/README.md
 create mode 100644 ai_agent_monitor/__init__.py
 create mode 100644 ai_agent_monitor/main.py
 create mode 100644 ai_agent_monitor/requirements.txt
 create mode 100644 distributed_search/README.md
 create mode 100644 distributed_search/__init__.py
 create mode 100644 distributed_search/__pycache__/config.cpython-36.pyc
 create mode 100644 distributed_search/__pycache__/search_manager.cpython-36.pyc
 create mode 100644 distributed_search/__pycache__/search_manager_simple.cpython-36.pyc
 create mode 100644 distributed_search/__pycache__/simple_manager.cpython-36.pyc
 create mode 100644 distributed_search/config.py
 create mode 100644 distributed_search/final_report/__init__.py
 create mode 100644 distributed_search/optimized_recommendation.md
 create mode 100644 distributed_search/search_buffer/__init__.py
 create mode 100644 distributed_search/search_buffer/ai_agent_20260310.json
 create mode 100644 distributed_search/search_buffer/ai_agent_improved_20260310.json
 create mode 100644 distributed_search/search_buffer/ai_agent_test
 create mode 100644 distributed_search/search_buffer/intelligent_agent_20260310.json
 create mode 100644 distributed_search/search_buffer/intelligent_agent_improved_20260310.json
 create mode 100644 distributed_search/search_buffer/intelligent_agent_test.json
 create mode 100644 distributed_search/search_buffer/large_model_20260310.json
 create mode 100644 distributed_search/search_buffer/large_model_improved_20260310.json
 create mode 100644 distributed_search/search_buffer/large_model_test.json
 create mode 100644 distributed_search/search_buffer/large_model_test_20260310.json
 create mode 100644 distributed_search/search_buffer/prompt_20260310.json
 create mode 100644 distributed_search/search_buffer/prompt_engineering_improved_20260310.json
 create mode 100644 distributed_search/search_buffer/prompt_engineering_test.json
 create mode 100644 distributed_search/search_buffer/prompt_optimized_20260310.json
 create mode 100644 distributed_search/search_manager.py
 create mode 100644 distributed_search/search_manager_simple.py
 create mode 100644 distributed_search/simple_manager.py
 create mode 100644 distributed_search/test_framework.py
 create mode 100644 distributed_search/test_improved.py
 create mode 100644 distributed_search/test_simple.py
 create mode 100644 distributed_search/test_single_search.py
 create mode 100644 logs/ai_agent_daily_20260310.log
 create mode 100644 logs/cron_20260311.log
 create mode 100644 memory/2026-03-10.md
 create mode 100644 messages/to_send/20260310_090001.json
 create mode 100644 sales_analyzer/README.md
 create mode 100644 sales_analyzer/__init__.py
 create mode 100644 sales_analyzer/compress_images.py
 create mode 100644 sales_analyzer/data.csv
 create mode 100644 sales_analyzer/sales_analyzer.py
 create mode 100644 sales_analyzer/sales_bar_chart.png
 create mode 100644 sales_analyzer/sales_bar_chart_small.jpg
 create mode 100644 sales_analyzer/sales_line_chart.png
 create mode 100644 sales_analyzer/sales_line_chart_small.jpg
 create mode 100644 sales_analyzer/sales_small_bar.png
 create mode 100644 sales_analyzer/sales_small_line.png
 create mode 100644 sales_analyzer/simple_compress.py
 create mode 100644 sales_analyzer/simple_sales_analyzer.py
 create mode 100644 searxng_search_no_time.py
error: src refspec main does not match any
error: failed to push some refs to 'https://github.com/GabrielOWO799/personal-assistant.git'
[Wed Mar 11 02:00:01 AM CST 2026] Memory maintenance completed!
[2026-03-11 02:00:01] Script completed with exit code: 0
[2026-03-11 02:00:01] Pending messages count: 7
[2026-03-11 02:00:01] WARNING: Found 7 pending messages that may need processing
[2026-03-11 02:00:01] SUCCESS: Cron job completed successfully
[2026-03-11 09:00:01] Starting cron job: /home/admin/.openclaw/workspace/scripts/ai_agent_daily.sh
[2026-03-11 09:00:01] Current directory: /home/admin/.openclaw/workspace
[2026-03-11 09:00:01] Python path: /usr/bin/python3
[2026-03-11 09:00:01] Python version: Python 3.6.8
[2026-03-11 09:00:01] Environment variables set
[2026-03-11 09:00:01] Script completed with exit code: 0
[2026-03-11 09:00:01] Pending messages count: 7
[2026-03-11 09:00:01] WARNING: Found 7 pending messages that may need processing
[2026-03-11 09:00:01] SUCCESS: Cron job completed successfully
