[2026-03-05 02:00:01] Starting cron job: /home/admin/.openclaw/workspace/scripts/memory_maintenance.sh
[2026-03-05 02:00:01] Current directory: /home/admin/.openclaw/workspace
[2026-03-05 02:00:01] Python path: /usr/bin/python3
[2026-03-05 02:00:01] Python version: Python 3.6.8
[2026-03-05 02:00:01] Environment variables set
[Thu Mar  5 02:00:01 AM CST 2026] Starting memory maintenance...
Updated memory index with 15 files
[master 428d2eb] Memory maintenance - 2026-03-05
 16 files changed, 737 insertions(+), 2 deletions(-)
 create mode 100644 ai_toy_weekly_draft.md
 create mode 100644 ai_toy_weekly_final.md
 create mode 100644 ai_toy_weekly_report.md
 create mode 100644 ai_toy_weekly_report_candidates.md
 create mode 100644 ai_toy_weekly_report_final.md
 create mode 100644 logs/ai_agent_daily_20260304.log
 create mode 100644 logs/cron_20260305.log
 create mode 100644 logs/shenzhen_intern_20260304.log
 create mode 100644 memory/2026-03-04-learning-insights.md
 create mode 100644 memory/2026-03-04-temp.md
 create mode 100644 memory/2026-03-04.md
 create mode 100644 memory/task_tracker.md
 create mode 100644 messages/to_send/20260304_090001.json
error: src refspec main does not match any
error: failed to push some refs to 'origin'
[Thu Mar  5 02:00:01 AM CST 2026] Memory maintenance completed!
[2026-03-05 02:00:01] Script completed with exit code: 0
[2026-03-05 02:00:01] Pending messages count: 10
[2026-03-05 02:00:01] WARNING: Found 10 pending messages that may need processing
[2026-03-05 02:00:01] SUCCESS: Cron job completed successfully
