[2026-03-10 02:00:01] Starting cron job: /home/admin/.openclaw/workspace/scripts/memory_maintenance.sh
[2026-03-10 02:00:01] Current directory: /home/admin/.openclaw/workspace
[2026-03-10 02:00:01] Python path: /usr/bin/python3
[2026-03-10 02:00:01] Python version: Python 3.6.8
[2026-03-10 02:00:01] Environment variables set
[Tue Mar 10 02:00:02 AM CST 2026] Starting memory maintenance...
Updated memory index with 24 files
warning: adding embedded git repository: skills/yunshu_skillshub
hint: You've added another git repository inside your current repository.
hint: Clones of the outer repository will not contain the contents of
hint: the embedded repository and will not know how to obtain it.
hint: If you meant to add a submodule, use:
hint: 
hint: 	git submodule add <url> skills/yunshu_skillshub
hint: 
hint: If you added this path by mistake, you can remove it from the
hint: index with:
hint: 
hint: 	git rm --cached skills/yunshu_skillshub
hint: 
hint: See "git help submodule" for more information.
[master 2d87a10] Memory maintenance - 2026-03-10
 30 files changed, 468 insertions(+), 1617 deletions(-)
 create mode 100644 logs/ai_agent_daily_20260309.log
 create mode 100644 logs/cron_20260310.log
 delete mode 100644 logs/shenzhen_intern.log
 delete mode 100644 logs/shenzhen_intern_20260302.log
 delete mode 100644 logs/shenzhen_intern_20260303.log
 delete mode 100644 logs/shenzhen_intern_20260304.log
 delete mode 100644 logs/shenzhen_intern_20260305.log
 delete mode 100644 logs/shenzhen_intern_20260306.log
 delete mode 100644 logs/shenzhen_intern_20260307.log
 delete mode 100644 logs/shenzhen_intern_20260308.log
 create mode 100644 memory/2026-03-09-learning-insights.md
 create mode 100644 memory/2026-03-09.md
 delete mode 100644 messages/pending/20260302_144513_shenzhen_intern.md
 delete mode 100644 messages/pending/20260302_145706_shenzhen_intern.md
 delete mode 100644 messages/pending/20260302_150234_shenzhen_intern.md
 create mode 100644 messages/to_send/20260309_090001.json
 delete mode 100755 scripts/shenzhen_ai_agent_curl.sh
 delete mode 100644 scripts/shenzhen_ai_agent_intern_optimized.py
 delete mode 100644 scripts/shenzhen_ai_agent_intern_table.py
 delete mode 100644 scripts/shenzhen_ai_agent_links.py
 delete mode 100755 scripts/shenzhen_intern.sh
 create mode 100644 skills/github-repo-search/SKILL.md
 delete mode 100644 skills/shenzhen-ai-agent-intern/SKILL.md
 delete mode 100644 skills/shenzhen-ai-agent-intern/main.py
 delete mode 100644 skills/shenzhen-ai-agent-intern/requirements.txt
 create mode 160000 skills/yunshu_skillshub
 create mode 100644 test_github_search.txt
error: src refspec main does not match any
error: failed to push some refs to 'https://github.com/GabrielOWO799/personal-assistant.git'
[Tue Mar 10 02:00:02 AM CST 2026] Memory maintenance completed!
[2026-03-10 02:00:02] Script completed with exit code: 0
[2026-03-10 02:00:02] Pending messages count: 7
[2026-03-10 02:00:02] WARNING: Found 7 pending messages that may need processing
[2026-03-10 02:00:02] SUCCESS: Cron job completed successfully
