[2026-03-06 02:00:01] Starting cron job: /home/admin/.openclaw/workspace/scripts/memory_maintenance.sh
[2026-03-06 02:00:01] Current directory: /home/admin/.openclaw/workspace
[2026-03-06 02:00:01] Python path: /usr/bin/python3
[2026-03-06 02:00:01] Python version: Python 3.6.8
[2026-03-06 02:00:01] Environment variables set
[Fri Mar  6 02:00:01 AM CST 2026] Starting memory maintenance...
Updated memory index with 17 files
[master ebfd129] Memory maintenance - 2026-03-06
 9 files changed, 220 insertions(+), 3 deletions(-)
 create mode 100644 logs/ai_agent_daily_20260305.log
 create mode 100644 logs/cron_20260306.log
 create mode 100644 logs/shenzhen_intern_20260305.log
 create mode 100644 memory/2026-03-05-mc-project.md
 create mode 100644 memory/2026-03-05.md
 create mode 100644 messages/to_send/20260305_090002.json
error: src refspec main does not match any
error: failed to push some refs to 'https://github.com/GabrielOWO799/personal-assistant.git'
[Fri Mar  6 02:00:01 AM CST 2026] Memory maintenance completed!
[2026-03-06 02:00:01] Script completed with exit code: 0
[2026-03-06 02:00:01] Pending messages count: 10
[2026-03-06 02:00:01] WARNING: Found 10 pending messages that may need processing
[2026-03-06 02:00:01] SUCCESS: Cron job completed successfully
