[2026-03-12 02:00:01] Starting cron job: /home/admin/.openclaw/workspace/scripts/memory_maintenance.sh
[2026-03-12 02:00:01] Current directory: /home/admin/.openclaw/workspace
[2026-03-12 02:00:01] Python path: /usr/bin/python3
[2026-03-12 02:00:01] Python version: Python 3.6.8
[2026-03-12 02:00:01] Environment variables set
[Thu Mar 12 02:00:01 AM CST 2026] Starting memory maintenance...
Updated memory index with 10 files
[master 491535e] Memory maintenance - 2026-03-12
 14 files changed, 292 insertions(+), 68 deletions(-)
 create mode 100644 ai_agent_daily_report_20260311.md
 create mode 100644 distributed_search/search_buffer/ai_agent_20260311.json
 create mode 100644 distributed_search/search_buffer/intelligent_agent_20260311.json
 create mode 100644 distributed_search/search_buffer/large_model_20260311.json
 create mode 100644 distributed_search/search_buffer/prompt_20260311.json
 create mode 100644 logs/ai_agent_daily_20260311.log
 create mode 100644 logs/cron_20260312.log
 create mode 100644 memory/2026-03-11.md
 create mode 100644 messages/to_send/20260311_090001.json
 create mode 100644 temp_heartbeat_fix.json
error: src refspec main does not match any
error: failed to push some refs to 'https://github.com/GabrielOWO799/personal-assistant.git'
[Thu Mar 12 02:00:01 AM CST 2026] Memory maintenance completed!
[2026-03-12 02:00:01] Script completed with exit code: 0
[2026-03-12 02:00:01] Pending messages count: 7
[2026-03-12 02:00:01] WARNING: Found 7 pending messages that may need processing
[2026-03-12 02:00:01] SUCCESS: Cron job completed successfully
[2026-03-12 09:00:01] Starting cron job: /home/admin/.openclaw/workspace/scripts/ai_agent_daily.sh
[2026-03-12 09:00:01] Current directory: /home/admin/.openclaw/workspace
[2026-03-12 09:00:01] Python path: /usr/bin/python3
[2026-03-12 09:00:01] Python version: Python 3.6.8
[2026-03-12 09:00:01] Environment variables set
[2026-03-12 09:00:02] Script completed with exit code: 0
[2026-03-12 09:00:02] Pending messages count: 7
[2026-03-12 09:00:02] WARNING: Found 7 pending messages that may need processing
[2026-03-12 09:00:02] SUCCESS: Cron job completed successfully
