[2026-03-07 02:00:01] Starting cron job: /home/admin/.openclaw/workspace/scripts/memory_maintenance.sh
[2026-03-07 02:00:01] Current directory: /home/admin/.openclaw/workspace
[2026-03-07 02:00:01] Python path: /usr/bin/python3
[2026-03-07 02:00:01] Python version: Python 3.6.8
[2026-03-07 02:00:01] Environment variables set
[Sat Mar  7 02:00:01 AM CST 2026] Starting memory maintenance...
Updated memory index with 19 files
[master bd8dd01] Memory maintenance - 2026-03-07
 12 files changed, 508 insertions(+), 72 deletions(-)
 create mode 100644 ai_agent_daily_report.md
 create mode 100644 ai_toy_weekly_report_draft.md
 create mode 100644 logs/ai_agent_daily_20260306.log
 create mode 100644 logs/cron_20260307.log
 create mode 100644 logs/shenzhen_intern_20260306.log
 create mode 100644 memory/2026-03-06.md
 create mode 100644 memory/ai_toy_weekly_candidates_2026-03-06.md
 create mode 100644 messages/to_send/20260306_090001.json
error: src refspec main does not match any
error: failed to push some refs to 'https://github.com/GabrielOWO799/personal-assistant.git'
[Sat Mar  7 02:00:01 AM CST 2026] Memory maintenance completed!
[2026-03-07 02:00:01] Script completed with exit code: 0
[2026-03-07 02:00:01] Pending messages count: 10
[2026-03-07 02:00:01] WARNING: Found 10 pending messages that may need processing
[2026-03-07 02:00:01] SUCCESS: Cron job completed successfully
