[Fri Apr  3 02:00:01 AM CST 2026] Starting memory maintenance...
Updated memory index with 48 files
[main ca7eb48] Memory maintenance - 2026-04-03
 17 files changed, 1499 insertions(+), 59 deletions(-)
 create mode 100644 AGENTS.md
 create mode 100644 BOOTSTRAP.md
 create mode 100644 HEARTBEAT.md
 create mode 100644 IDENTITY.md
 create mode 100644 MEMORY.md
 create mode 100644 SOUL.md
 create mode 100644 TOOLS.md
 create mode 100644 USER.md
 create mode 100644 distributed_search/search_buffer/ai_product_manager_20260402.json
 create mode 100644 distributed_search/search_buffer/intelligent_agent_20260402.json
 create mode 100644 distributed_search/search_buffer/prompt_20250402.json
 create mode 100644 logs/memory_maintenance_20260403.log
 create mode 100644 memory/MEMORY.md
 create mode 100644 memory/chat_learning_2022-07.md
To https://github.com/GabrielOWO799/personal-assistant.git
   b4202ad..ca7eb48  main -> main
[Fri Apr  3 02:00:03 AM CST 2026] Memory maintenance completed!
