[Sat Apr  4 02:00:01 AM CST 2026] Starting memory maintenance...
Updated memory index with 51 files
[main f762c88] Memory maintenance - 2026-04-04
 20 files changed, 1538 insertions(+), 11 deletions(-)
 create mode 100644 distributed_search/ai_toy_history.json
 create mode 100644 distributed_search/search_buffer/ai_agent_20260403.json
 create mode 100644 distributed_search/search_buffer/ai_chaowan_20260403.json
 create mode 100644 distributed_search/search_buffer/ai_hardware_20260403.json
 create mode 100644 distributed_search/search_buffer/ai_product_manager_20250403.json
 create mode 100644 distributed_search/search_buffer/ai_toys_20260403.json
 create mode 100644 distributed_search/search_buffer/intelligent_agent_20260403.json
 create mode 100644 distributed_search/search_buffer/prompt_20250403.json
 create mode 100644 logs/ai_agent_daily_20260403.log
 create mode 100644 logs/ai_toy_weekly_20260403.log
 create mode 100644 logs/memory_maintenance_20260404.log
 create mode 100644 memory/2026-04-03.md
 create mode 100644 memory/ai_toy_weekly_candidates_2026-04-03.md
 create mode 100644 memory/chat_learning_2022-08.md
 create mode 100644 messages/to_send/20260403_090002.json
To https://github.com/GabrielOWO799/personal-assistant.git
   ca7eb48..f762c88  main -> main
[Sat Apr  4 02:00:02 AM CST 2026] Memory maintenance completed!
