[Mon Apr  6 02:00:01 AM CST 2026] Starting memory maintenance...
Updated memory index with 53 files
[main 76f54a0] Memory maintenance - 2026-04-06
 17 files changed, 406 insertions(+), 4 deletions(-)
 create mode 100644 distributed_search/search_buffer/ai_agent_20260405.json
 create mode 100644 distributed_search/search_buffer/ai_product_manager_20260405.json
 create mode 100644 distributed_search/search_buffer/intelligent_agent_20260405.json
 create mode 100644 distributed_search/search_buffer/large_model_20260405.json
 create mode 100644 distributed_search/search_buffer/prompt_20260405.json
 create mode 100644 logs/ai_agent_daily_20260405.log
 create mode 100644 logs/ai_weekly_report_20260405.log
 create mode 100644 logs/memory_maintenance_20260406.log
 create mode 100644 logs/minecraft_mods_20260405.log
 create mode 100644 logs/task_failures.log
 create mode 100644 memory/2026-04-05.md
 create mode 100644 messages/to_send/20260405_090002.json
 create mode 100644 messages/to_send/weekly_report_20260405.json
To https://github.com/GabrielOWO799/personal-assistant.git
   2963f8d..76f54a0  main -> main
[Mon Apr  6 02:00:02 AM CST 2026] Memory maintenance completed!
