[Mon Mar 16 02:00:01 AM CST 2026] Starting memory maintenance...
Updated memory index with 18 files
[master 8499f86] Memory maintenance - 2026-03-16
 23 files changed, 1030 insertions(+), 149 deletions(-)
 create mode 100644 ai_agent_daily_report.py
 create mode 100644 distributed_search/ai_agent_search.py
 create mode 100644 distributed_search/search_buffer/ai_agent_20260315.json
 create mode 100644 distributed_search/search_buffer/intelligent_agent_20260315.json
 create mode 100644 distributed_search/search_buffer/large_model_20260315.json
 create mode 100644 distributed_search/search_buffer/prompt_20260315.json
 create mode 100644 distributed_search/search_scripts/prompt_search.py
 create mode 100644 distributed_search/simple_search.py
 create mode 100644 logs/ai_agent_daily_20260315.log
 create mode 100644 logs/ai_weekly_report_20260315.log
 create mode 100644 logs/memory_maintenance_20260316.log
 create mode 100644 logs/minecraft_mods_20260315.log
 create mode 100644 logs/task_failures.log
 create mode 100644 memory/2026-03-15-learning-insights.md
 create mode 100644 memory/2026-03-15-summary.md
 create mode 100644 memory/2026-03-15.md
 create mode 100644 messages/to_send/20260315_090002.json
error: src refspec main does not match any
error: failed to push some refs to 'https://github.com/GabrielOWO799/personal-assistant.git'
[Mon Mar 16 02:00:01 AM CST 2026] Memory maintenance completed!
