[Tue Mar 17 02:00:01 AM CST 2026] Starting memory maintenance...
Updated memory index with 22 files
[master 336c92c] Memory maintenance - 2026-03-17
 17 files changed, 3046 insertions(+), 31 deletions(-)
 create mode 100644 distributed_search/large_model_search.py
 create mode 100644 distributed_search/search_buffer/ai_agent_20260316.json
 create mode 100644 distributed_search/search_buffer/intelligent_agent_20260316.json
 create mode 100644 distributed_search/search_buffer/large_model_20260316.json
 create mode 100644 distributed_search/search_buffer/prompt_20260316.json
 create mode 100644 logs/ai_agent_daily_20260316.log
 create mode 100644 logs/memory_maintenance_20260317.log
 create mode 100644 memory/2026-03-16-chat-analysis.md
 create mode 100644 memory/2026-03-16-learning-insights.md
 create mode 100644 memory/2026-03-16-summary.md
 create mode 100644 memory/2026-03-16.md
 create mode 100644 messages/to_send/20260316_090001.json
 delete mode 100644 searxng_config/settings.yml
error: src refspec main does not match any
error: failed to push some refs to 'https://github.com/GabrielOWO799/personal-assistant.git'
[Tue Mar 17 02:00:01 AM CST 2026] Memory maintenance completed!
