[Sun Mar 15 02:00:01 AM CST 2026] Starting memory maintenance...
Updated memory index with 15 files
[master 7473290] Memory maintenance - 2026-03-15
 18 files changed, 763 insertions(+), 3 deletions(-)
 delete mode 100644 __pycache__/autonomous_executor.cpython-36.pyc
 delete mode 100644 __pycache__/wal_protocol.cpython-36.pyc
 delete mode 100644 __pycache__/working_buffer.cpython-36.pyc
 create mode 100644 distributed_search/scripts/optimized_summary_push.py
 create mode 100644 distributed_search/search_buffer/ai_agent_20260314.json
 create mode 100644 distributed_search/search_buffer/intelligent_agent_20260314.json
 create mode 100644 distributed_search/search_buffer/large_model_20260314.json
 create mode 100644 distributed_search/search_buffer/large_model_20260314.py
 create mode 100644 distributed_search/search_buffer/prompt_20260314.json
 create mode 100644 logs/ai_agent_daily_20260314.log
 create mode 100644 logs/memory_maintenance_20260315.log
 create mode 100644 logs/task_success.log
 create mode 100644 memory/2026-03-14-learning-insights.md
 create mode 100644 memory/2026-03-14.md
 create mode 100644 messages/to_send/20260314_090001.json
error: src refspec main does not match any
error: failed to push some refs to 'https://github.com/GabrielOWO799/personal-assistant.git'
[Sun Mar 15 02:00:01 AM CST 2026] Memory maintenance completed!
