[Sat Apr 18 02:00:01 AM CST 2026] Starting memory maintenance...
Updated memory index with 69 files
[main e34cbfb] Memory maintenance - 2026-04-18
 19 files changed, 1878 insertions(+), 10 deletions(-)
 create mode 100644 distributed_search/search_buffer/ai_agent_20260417.json
 create mode 100644 distributed_search/search_buffer/ai_chaowan_20260417.json
 create mode 100644 distributed_search/search_buffer/ai_hardware_20260417.json
 create mode 100644 distributed_search/search_buffer/ai_product_manager_20250417.json
 create mode 100644 distributed_search/search_buffer/ai_toy_weekly_20260417.json
 create mode 100644 distributed_search/search_buffer/ai_toys_20260417.json
 create mode 100644 distributed_search/search_buffer/intelligent_agent_20250417.json
 create mode 100644 distributed_search/search_buffer/prompt_20250417.json
 create mode 100644 logs/ai_agent_daily_20260417.log
 create mode 100644 logs/ai_toy_weekly_20260417.log
 create mode 100644 logs/memory_maintenance_20260418.log
 create mode 100644 memory/2026-04-17.md
 create mode 100644 memory/ai_toy_weekly_candidates_2026-04-17.md
 create mode 100644 messages/to_send/20260417_090002.json
To https://github.com/GabrielOWO799/personal-assistant.git
   340003e..e34cbfb  main -> main
[Sat Apr 18 02:00:02 AM CST 2026] Memory maintenance completed!
