[Tue Mar 31 02:00:01 AM CST 2026] Starting memory maintenance...
Updated memory index with 43 files
[main 9f1865e] Memory maintenance - 2026-03-31
 19 files changed, 874 insertions(+), 35 deletions(-)
 create mode 100644 distributed_search/search_buffer/ai_agent_20250330.json
 create mode 100644 distributed_search/search_buffer/ai_chaowan_20260330_v2.json
 create mode 100644 distributed_search/search_buffer/ai_hardware_20260330_v2.json
 create mode 100644 distributed_search/search_buffer/ai_product_manager_20260330.json
 create mode 100644 distributed_search/search_buffer/ai_toys_20260330_v2.json
 create mode 100644 distributed_search/search_buffer/intelligent_agent_20250330.json
 create mode 100644 distributed_search/search_buffer/large_model_20260330.json
 create mode 100644 distributed_search/search_buffer/prompt_20260330.json
 create mode 100644 distributed_search/search_buffer/search1.json
 create mode 100644 distributed_search/search_buffer/search2.json
 create mode 100644 distributed_search/search_buffer/search3.json
 create mode 100644 logs/ai_agent_daily_20260330.log
 create mode 100644 logs/memory_maintenance_20260331.log
 create mode 100644 memory/2026-03-30-chat-learning-status.md
 create mode 100644 memory/2026-03-30.md
 create mode 100644 messages/to_send/20260330_090001.json
To https://github.com/GabrielOWO799/personal-assistant.git
   5647028..9f1865e  main -> main
[Tue Mar 31 02:00:03 AM CST 2026] Memory maintenance completed!
