[Thu Apr  9 02:00:01 AM CST 2026] Starting memory maintenance...
Updated memory index with 57 files
[main a45aa3c] Memory maintenance - 2026-04-09
 22 files changed, 11819 insertions(+), 11 deletions(-)
 create mode 100644 ai-product-analyzer-code.md
 create mode 100644 ai-product-analyzer.zip
 create mode 100644 ai-product-analyzer.zip.b64
 create mode 100644 distributed_search/search_buffer/ai_agent_20250408.json
 create mode 100644 distributed_search/search_buffer/ai_product_manager_20260408.json
 create mode 100644 distributed_search/search_buffer/intelligent_agent_20260408.json
 create mode 100644 distributed_search/search_buffer/large_model_20260408.json
 create mode 100644 distributed_search/search_buffer/prompt_20250408.json
 create mode 100644 logs/ai_agent_daily_20260408.log
 create mode 100644 logs/memory_maintenance_20260409.log
 create mode 100644 memory/2026-04-08.md
 create mode 100644 memory/chat_history_2022-2023.txt
 create mode 100644 memory/chat_learning_2023-01_11_summary.md
 create mode 100644 messages/to_send/20260408_090002.json
 create mode 100644 skills/local-search-proxy/SKILL.md
 create mode 100644 skills/local-search-proxy/scripts/example_usage.py
 create mode 100755 skills/local-search-proxy/scripts/local_search.py
To https://github.com/GabrielOWO799/personal-assistant.git
   3b73303..a45aa3c  main -> main
[Thu Apr  9 02:00:04 AM CST 2026] Memory maintenance completed!
