[Mon Mar 23 02:00:01 AM CST 2026] Starting memory maintenance...
Updated memory index with 28 files
[main 1228deb] Memory maintenance - 2026-03-23
 41 files changed, 1957 insertions(+), 41 deletions(-)
 create mode 100644 ONBOARDING.md
 create mode 100644 WAL.md
 create mode 100644 WORKING_BUFFER.md
 create mode 100644 ai_weekly_summary_2026-03-22.md
 create mode 100644 daily_report_20260322.md
 create mode 100644 distributed_search/search_buffer/prompt_20250322.json
 create mode 100644 logs/ai_agent_daily_20260322.log
 create mode 100644 logs/ai_weekly_report_20260322.log
 create mode 100644 logs/memory_maintenance_20260323.log
 create mode 100644 logs/minecraft_mods_20260322.log
 create mode 100644 logs/task_failures.log
 create mode 100644 memory/2026-03-22-learning-insights.md
 create mode 100644 memory/2026-03-22.md
 create mode 100644 messages/to_send/20260322_090002.json
 create mode 100644 reflection/memory.md
 create mode 100644 reflection/patterns.md
 create mode 100644 reflection/reflections.md
 create mode 100644 scripts/ai_toy_weekly_search_v2.py
 create mode 100644 skills/cron-doctor/.clawhub/origin.json
 create mode 100644 skills/cron-doctor/README.md
 create mode 100644 skills/cron-doctor/SKILL.md
 create mode 100644 skills/cron-doctor/_meta.json
 create mode 100644 skills/decide/.clawhub/origin.json
 create mode 100644 skills/decide/SKILL.md
 create mode 100644 skills/decide/_meta.json
 create mode 100644 skills/decide/components.md
 create mode 100644 skills/decide/confidence.md
 create mode 100644 skills/decide/exceptions.md
 create mode 100644 skills/decide/memory-template.md
 create mode 100644 skills/decide/migration.md
 create mode 100644 skills/decide/setup.md
 create mode 100644 skills/learning/.clawhub/origin.json
 create mode 100644 skills/learning/SKILL.md
 create mode 100644 skills/learning/_meta.json
 create mode 100644 skills/learning/criteria.md
 create mode 100644 skills/learning/dimensions.md
To https://github.com/GabrielOWO799/personal-assistant.git
   403b478..1228deb  main -> main
[Mon Mar 23 02:00:02 AM CST 2026] Memory maintenance completed!
