[Wed Mar 18 02:00:01 AM CST 2026] Starting memory maintenance...
Updated memory index with 20 files
[master 9db44e4] Memory maintenance - 2026-03-18
 28 files changed, 468 insertions(+), 805 deletions(-)
 create mode 100644 distributed_search/search_ai_agent.py
 create mode 100644 distributed_search/search_buffer/ai_agent_20260317.json
 delete mode 100644 distributed_search/search_buffer/ai_agent_improved_20260310.json
 delete mode 100644 distributed_search/search_buffer/ai_agent_test
 create mode 100644 distributed_search/search_buffer/intelligent_agent_20260317.json
 delete mode 100644 distributed_search/search_buffer/intelligent_agent_improved_20260310.json
 delete mode 100644 distributed_search/search_buffer/intelligent_agent_test.json
 create mode 100644 distributed_search/search_buffer/large_model_20260317.json
 delete mode 100644 distributed_search/search_buffer/large_model_improved_20260310.json
 delete mode 100644 distributed_search/search_buffer/large_model_test.json
 delete mode 100644 distributed_search/search_buffer/large_model_test_20260310.json
 create mode 100644 distributed_search/search_buffer/prompt_20260317.json
 delete mode 100644 distributed_search/search_buffer/prompt_engineering_improved_20260310.json
 delete mode 100644 distributed_search/search_buffer/prompt_engineering_test.json
 create mode 100644 distributed_search/search_intelligent_agent.py
 create mode 100644 logs/ai_agent_daily_20260317.log
 create mode 100644 logs/memory_maintenance_20260318.log
 delete mode 100644 memory/2026-03-15-summary.md
 delete mode 100644 memory/2026-03-16-summary.md
 create mode 100644 memory/2026-03-17-learning-insights.md
 create mode 100644 memory/2026-03-17.md
 delete mode 100644 memory/ai_toy_weekly_2026-02-27.md
 delete mode 100644 memory/ai_toy_weekly_candidates_2026-03-13.md
 create mode 100644 messages/to_send/20260317_090001.json
error: src refspec main does not match any
error: failed to push some refs to 'https://github.com/GabrielOWO799/personal-assistant.git'
[Wed Mar 18 02:00:02 AM CST 2026] Memory maintenance completed!
