[Sat Apr 11 02:00:01 AM CST 2026] Starting memory maintenance...
Updated memory index with 60 files
[main e6cf970] Memory maintenance - 2026-04-11
 19 files changed, 1930 insertions(+), 8 deletions(-)
 create mode 100644 distributed_search/search_buffer/ai_agent_20260410.json
 create mode 100644 distributed_search/search_buffer/ai_chaowan_20260410.json
 create mode 100644 distributed_search/search_buffer/ai_hardware_20260410.json
 create mode 100644 distributed_search/search_buffer/ai_product_manager_20260410.json
 create mode 100644 distributed_search/search_buffer/ai_toy_weekly_20260410.json
 create mode 100644 distributed_search/search_buffer/ai_toys_20260410.json
 create mode 100644 distributed_search/search_buffer/intelligent_agent_20260410.json
 create mode 100644 distributed_search/search_buffer/large_model_20260410.json
 create mode 100644 distributed_search/search_buffer/prompt_20250410.json
 create mode 100644 logs/ai_agent_daily_20260410.log
 create mode 100644 logs/ai_toy_weekly_20260410.log
 create mode 100644 logs/memory_maintenance_20260411.log
 create mode 100644 memory/2026-04-10.md
 create mode 100644 memory/ai_toy_weekly_candidates_2026-04-10.md
 create mode 100644 messages/to_send/20260410_090001.json
To https://github.com/GabrielOWO799/personal-assistant.git
   2a575aa..e6cf970  main -> main
[Sat Apr 11 02:00:02 AM CST 2026] Memory maintenance completed!
