[Sat Mar 28 02:00:01 AM CST 2026] Starting memory maintenance...
Updated memory index with 39 files
[main 2c865df] Memory maintenance - 2026-03-28
 19 files changed, 1979 insertions(+), 2 deletions(-)
 create mode 100644 distributed_search/ai_toy_history.json
 create mode 100644 distributed_search/search_buffer/ai_agent_20250327.json
 create mode 100644 distributed_search/search_buffer/ai_chaowan_20260327.json
 create mode 100644 distributed_search/search_buffer/ai_hardware_20260327.json
 create mode 100644 distributed_search/search_buffer/ai_product_manager_20250327.json
 create mode 100644 distributed_search/search_buffer/ai_toy_weekly_20260327.json
 create mode 100644 distributed_search/search_buffer/ai_toys_20260327.json
 create mode 100644 distributed_search/search_buffer/intelligent_agent_20250327.json
 create mode 100644 distributed_search/search_buffer/large_model_20260327.json
 create mode 100644 distributed_search/search_buffer/prompt_20250327.json
 create mode 100644 logs/ai_agent_daily_20260327.log
 create mode 100644 logs/ai_toy_weekly_20260327.log
 create mode 100644 logs/memory_maintenance_20260328.log
 create mode 100644 memory/2026-03-27.md
 create mode 100644 memory/ai_toy_weekly_candidates_2026-03-27.md
 create mode 100644 messages/to_send/20260327_090002.json
To https://github.com/GabrielOWO799/personal-assistant.git
   50ec6ca..2c865df  main -> main
[Sat Mar 28 02:00:02 AM CST 2026] Memory maintenance completed!
