[Mon Mar 30 02:00:01 AM CST 2026] Starting memory maintenance...
Updated memory index with 41 files
[main 5647028] Memory maintenance - 2026-03-30
 18 files changed, 1059 insertions(+), 60 deletions(-)
 create mode 100644 distributed_search/search_buffer/ai_agent_20260329.json
 create mode 100644 distributed_search/search_buffer/ai_chaowan_20260329_v2.json
 create mode 100644 distributed_search/search_buffer/ai_product_manager_20260329.json
 create mode 100644 distributed_search/search_buffer/intelligent_agent_20260329.json
 create mode 100644 distributed_search/search_buffer/large_model_20260329.json
 create mode 100644 logs/ai_agent_daily_20260329.log
 create mode 100644 logs/ai_weekly_report_20260329.log
 create mode 100644 logs/memory_maintenance_20260330.log
 create mode 100644 logs/minecraft_mods_20260329.log
 create mode 100644 messages/to_send/20260329_090001.json
 create mode 100644 scripts/ai_chaowan_search_v2.py
 create mode 100644 scripts/ai_hardware_search_v2.py
 create mode 100644 scripts/ai_toys_search_v2.py
To https://github.com/GabrielOWO799/personal-assistant.git
   eb5b8c0..5647028  main -> main
[Mon Mar 30 02:00:02 AM CST 2026] Memory maintenance completed!
