[Sat Apr 25 02:00:01 AM CST 2026] Starting memory maintenance...
Updated memory index with 42 files
[main b0a05cd] Memory maintenance - 2026-04-25
 19 files changed, 1823 insertions(+), 41 deletions(-)
 create mode 100644 distributed_search/search_buffer/ai_agent_20260424.json
 create mode 100644 distributed_search/search_buffer/ai_chaowan_20260424.json
 create mode 100644 distributed_search/search_buffer/ai_hardware_20260424.json
 create mode 100644 distributed_search/search_buffer/ai_product_manager_20260424.json
 create mode 100644 distributed_search/search_buffer/ai_toy_english_20260424.json
 create mode 100644 distributed_search/search_buffer/ai_toy_weekly_20260424.json
 create mode 100644 distributed_search/search_buffer/ai_toys_20260424.json
 create mode 100644 distributed_search/search_buffer/intelligent_agent_20250424.json
 create mode 100644 distributed_search/search_buffer/large_model_20260424.json
 create mode 100644 distributed_search/search_buffer/prompt_20260424.json
 create mode 100644 logs/ai_agent_daily_20260424.log
 create mode 100644 logs/ai_toy_weekly_20260424.log
 create mode 100644 logs/memory_maintenance_20260425.log
 create mode 100644 memory/ai_toy_weekly_candidates_2026-04-24.md
 create mode 100644 messages/to_send/20260424_090001.json
To https://github.com/GabrielOWO799/personal-assistant.git
   8fcde23..b0a05cd  main -> main
[Sat Apr 25 02:00:02 AM CST 2026] Memory maintenance completed!
