[Sat Mar 14 02:00:01 AM CST 2026] Starting memory maintenance...
Updated memory index with 13 files
[master 1d13164] Memory maintenance - 2026-03-14
 36 files changed, 1397 insertions(+), 52 deletions(-)
 create mode 100644 __pycache__/autonomous_executor.cpython-36.pyc
 create mode 100644 __pycache__/wal_protocol.cpython-36.pyc
 create mode 100644 __pycache__/working_buffer.cpython-36.pyc
 create mode 100644 ai_agent_search.html
 create mode 100644 ai_toy_weekly_report_20260313.md
 create mode 100644 autonomous_executor.py
 create mode 100644 chat_analysis_processor.py
 create mode 100644 context_learning_extractor.py
 create mode 100644 crontab_new
 create mode 100644 crontab_with_retry
 delete mode 100644 distributed_search/__pycache__/config.cpython-36.pyc
 delete mode 100644 distributed_search/__pycache__/search_manager.cpython-36.pyc
 delete mode 100644 distributed_search/__pycache__/search_manager_simple.cpython-36.pyc
 delete mode 100644 distributed_search/__pycache__/simple_manager.cpython-36.pyc
 create mode 100644 distributed_search/search_buffer/ai_agent_20260313.json
 create mode 100644 distributed_search/search_buffer/intelligent_agent_20260313.json
 create mode 100644 distributed_search/search_buffer/prompt_20260313.json
 create mode 100644 distributed_search/search_scripts/large_model_search.py
 create mode 100644 distributed_search_aggregator.py
 create mode 100644 logs/ai_agent_daily_20260313.log
 create mode 100644 logs/memory_maintenance_20260314.log
 create mode 100644 memory/2026-03-13.md
 create mode 100644 memory/ai_toy_weekly_candidates_2026-03-13.md
 create mode 100644 messages/to_send/20260313_090002.json
 delete mode 100644 scripts/__pycache__/optimized_search_strategy.cpython-36.pyc
 create mode 100644 scripts/chat_analysis_processing.sh
 create mode 100644 scripts/context_learning_extraction.sh
 create mode 100644 scripts/distributed_search_aggregation.sh
 create mode 100755 scripts/retry_wrapper.sh
 create mode 100644 timeout_tasks_diagnosis.md
 create mode 100644 wal_protocol.py
 create mode 100644 working_buffer.py
error: src refspec main does not match any
error: failed to push some refs to 'https://github.com/GabrielOWO799/personal-assistant.git'
[Sat Mar 14 02:00:02 AM CST 2026] Memory maintenance completed!
