✅ Task memory_maintenance.sh completed at Sat Mar 14 02:00:02 AM CST 2026
✅ Task ai_agent_daily.sh completed at Sat Mar 14 09:00:01 AM CST 2026
✅ Task memory_maintenance.sh completed at Sun Mar 15 02:00:01 AM CST 2026
✅ Task minecraft_mods.sh completed at Sun Mar 15 09:00:01 AM CST 2026
✅ Task ai_agent_daily.sh completed at Sun Mar 15 09:00:02 AM CST 2026
✅ Task memory_maintenance.sh completed at Mon Mar 16 02:00:01 AM CST 2026
✅ Task ai_agent_daily.sh completed at Mon Mar 16 09:00:01 AM CST 2026
✅ Task memory_maintenance.sh completed at Tue Mar 17 02:00:01 AM CST 2026
✅ Task ai_agent_daily.sh completed at Tue Mar 17 09:00:01 AM CST 2026
✅ Task memory_maintenance.sh completed at Wed Mar 18 02:00:02 AM CST 2026
✅ Task ai_agent_daily.sh completed at Wed Mar 18 09:00:01 AM CST 2026
✅ Task memory_maintenance.sh completed at Thu Mar 19 02:00:01 AM CST 2026
✅ Task ai_agent_daily.sh completed at Thu Mar 19 09:00:01 AM CST 2026
✅ Task memory_maintenance.sh completed at Fri Mar 20 02:00:01 AM CST 2026
✅ Task ai_agent_daily.sh completed at Fri Mar 20 09:00:02 AM CST 2026
✅ Task ai_toy_weekly.sh completed at Fri Mar 20 09:00:02 AM CST 2026
✅ Task memory_maintenance.sh completed at Sat Mar 21 02:00:03 AM CST 2026
✅ Task ai_agent_daily.sh completed at Sat Mar 21 09:00:01 AM CST 2026
✅ Task memory_maintenance.sh completed at Sun Mar 22 02:00:02 AM CST 2026
✅ Task minecraft_mods.sh completed at Sun Mar 22 09:00:01 AM CST 2026
✅ Task ai_agent_daily.sh completed at Sun Mar 22 09:00:02 AM CST 2026
✅ Task memory_maintenance.sh completed at Mon Mar 23 02:00:02 AM CST 2026
✅ Task ai_agent_daily.sh completed at Mon Mar 23 09:00:01 AM CST 2026
✅ Task memory_maintenance.sh completed at Tue Mar 24 02:00:03 AM CST 2026
✅ Task ai_agent_daily.sh completed at Tue Mar 24 09:00:01 AM CST 2026
✅ Task memory_maintenance.sh completed at Wed Mar 25 02:00:02 AM CST 2026
✅ Task ai_agent_daily.sh completed at Wed Mar 25 09:00:01 AM CST 2026
✅ Task memory_maintenance.sh completed at Thu Mar 26 02:00:02 AM CST 2026
✅ Task ai_agent_daily.sh completed at Thu Mar 26 09:00:02 AM CST 2026
✅ Task memory_maintenance.sh completed at Fri Mar 27 02:00:02 AM CST 2026
✅ Task ai_agent_daily.sh completed at Fri Mar 27 09:00:02 AM CST 2026
✅ Task ai_toy_weekly.sh completed at Fri Mar 27 09:00:04 AM CST 2026
✅ Task memory_maintenance.sh completed at Sat Mar 28 02:00:02 AM CST 2026
✅ Task ai_agent_daily.sh completed at Sat Mar 28 09:00:01 AM CST 2026
✅ Task memory_maintenance.sh completed at Sun Mar 29 02:00:02 AM CST 2026
✅ Task minecraft_mods.sh completed at Sun Mar 29 09:00:01 AM CST 2026
✅ Task ai_agent_daily.sh completed at Sun Mar 29 09:00:01 AM CST 2026
